# JRE version: OpenJDK Runtime Environment (8.0_152-b06) (build 1.8.0_152-release-1136-b06)
# Java VM: OpenJDK 64-Bit Server VM (25.152-b06 mixed mode windows-amd64 compressed oops)
Heap:
 PSYoungGen      total 210944K, used 122469K [0x00000000e0000000, 0x00000000f0680000, 0x0000000100000000)
  eden space 173568K, 52% used [0x00000000e0000000,0x00000000e59a5f38,0x00000000ea980000)
  from space 37376K, 82% used [0x00000000ea980000,0x00000000ec7737b0,0x00000000ece00000)
  to   space 40448K, 0% used [0x00000000edf00000,0x00000000edf00000,0x00000000f0680000)
 ParOldGen       total 154624K, used 35611K [0x00000000a0000000, 0x00000000a9700000, 0x00000000e0000000)
  object space 154624K, 23% used [0x00000000a0000000,0x00000000a22c6d58,0x00000000a9700000)
 Metaspace       used 74254K, capacity 77392K, committed 77568K, reserved 1116160K
  class space    used 9587K, capacity 10394K, committed 10496K, reserved 1048576K
GC Heap History (10 events):
Event: 70.052 GC heap before
{Heap before GC invocations=20 (full 3):
 PSYoungGen      total 166912K, used 166891K [0x00000000e0000000, 0x00000000ebd80000, 0x0000000100000000)
  eden space 145920K, 100% used [0x00000000e0000000,0x00000000e8e80000,0x00000000e8e80000)
  from space 20992K, 99% used [0x00000000ea700000,0x00000000ebb7aea8,0x00000000ebb80000)
  to   space 24064K, 0% used [0x00000000e8e80000,0x00000000e8e80000,0x00000000ea600000)
 ParOldGen       total 154624K, used 35571K [0x00000000a0000000, 0x00000000a9700000, 0x00000000e0000000)
  object space 154624K, 23% used [0x00000000a0000000,0x00000000a22bcd58,0x00000000a9700000)
 Metaspace       used 65924K, capacity 68370K, committed 68480K, reserved 1107968K
  class space    used 8654K, capacity 9258K, committed 9344K, reserved 1048576K
Event: 70.126 GC heap after
Heap after GC invocations=20 (full 3):
 PSYoungGen      total 169984K, used 22301K [0x00000000e0000000, 0x00000000eda00000, 0x0000000100000000)
  eden space 145920K, 0% used [0x00000000e0000000,0x00000000e0000000,0x00000000e8e80000)
  from space 24064K, 92% used [0x00000000e8e80000,0x00000000ea447568,0x00000000ea600000)
  to   space 27136K, 0% used [0x00000000ebf80000,0x00000000ebf80000,0x00000000eda00000)
 ParOldGen       total 154624K, used 35579K [0x00000000a0000000, 0x00000000a9700000, 0x00000000e0000000)
  object space 154624K, 23% used [0x00000000a0000000,0x00000000a22bed58,0x00000000a9700000)
 Metaspace       used 65924K, capacity 68370K, committed 68480K, reserved 1107968K
  class space    used 8654K, capacity 9258K, committed 9344K, reserved 1048576K
}
Event: 82.307 GC heap before
{Heap before GC invocations=21 (full 3):
 PSYoungGen      total 169984K, used 168221K [0x00000000e0000000, 0x00000000eda00000, 0x0000000100000000)
  eden space 145920K, 100% used [0x00000000e0000000,0x00000000e8e80000,0x00000000e8e80000)
  from space 24064K, 92% used [0x00000000e8e80000,0x00000000ea447568,0x00000000ea600000)
  to   space 27136K, 0% used [0x00000000ebf80000,0x00000000ebf80000,0x00000000eda00000)
 ParOldGen       total 154624K, used 35579K [0x00000000a0000000, 0x00000000a9700000, 0x00000000e0000000)
  object space 154624K, 23% used [0x00000000a0000000,0x00000000a22bed58,0x00000000a9700000)
 Metaspace       used 71004K, capacity 73510K, committed 73856K, reserved 1114112K
  class space    used 9195K, capacity 9844K, committed 9856K, reserved 1048576K
Event: 82.360 GC heap after
Heap after GC invocations=21 (full 3):
 PSYoungGen      total 192512K, used 27065K [0x00000000e0000000, 0x00000000ede80000, 0x0000000100000000)
  eden space 165376K, 0% used [0x00000000e0000000,0x00000000e0000000,0x00000000ea180000)
  from space 27136K, 99% used [0x00000000ebf80000,0x00000000ed9ee6b0,0x00000000eda00000)
  to   space 30720K, 0% used [0x00000000ea180000,0x00000000ea180000,0x00000000ebf80000)
 ParOldGen       total 154624K, used 35587K [0x00000000a0000000, 0x00000000a9700000, 0x00000000e0000000)
  object space 154624K, 23% used [0x00000000a0000000,0x00000000a22c0d58,0x00000000a9700000)
 Metaspace       used 71004K, capacity 73510K, committed 73856K, reserved 1114112K
  class space    used 9195K, capacity 9844K, committed 9856K, reserved 1048576K
}
Event: 859.028 GC heap before
{Heap before GC invocations=22 (full 3):
 PSYoungGen      total 192512K, used 192414K [0x00000000e0000000, 0x00000000ede80000, 0x0000000100000000)
  eden space 165376K, 99% used [0x00000000e0000000,0x00000000ea1792b8,0x00000000ea180000)
  from space 27136K, 99% used [0x00000000ebf80000,0x00000000ed9ee6b0,0x00000000eda00000)
  to   space 30720K, 0% used [0x00000000ea180000,0x00000000ea180000,0x00000000ebf80000)
 ParOldGen       total 154624K, used 35587K [0x00000000a0000000, 0x00000000a9700000, 0x00000000e0000000)
  object space 154624K, 23% used [0x00000000a0000000,0x00000000a22c0d58,0x00000000a9700000)
 Metaspace       used 73570K, capacity 76700K, committed 76928K, reserved 1116160K
  class space    used 9550K, capacity 10339K, committed 10368K, reserved 1048576K
Event: 859.087 GC heap after
Heap after GC invocations=22 (full 3):
 PSYoungGen      total 196096K, used 28609K [0x00000000e0000000, 0x00000000ef800000, 0x0000000100000000)
  eden space 165376K, 0% used [0x00000000e0000000,0x00000000e0000000,0x00000000ea180000)
  from space 30720K, 93% used [0x00000000ea180000,0x00000000ebd705e8,0x00000000ebf80000)
  to   space 34816K, 0% used [0x00000000ed600000,0x00000000ed600000,0x00000000ef800000)
 ParOldGen       total 154624K, used 35595K [0x00000000a0000000, 0x00000000a9700000, 0x00000000e0000000)
  object space 154624K, 23% used [0x00000000a0000000,0x00000000a22c2d58,0x00000000a9700000)
 Metaspace       used 73570K, capacity 76700K, committed 76928K, reserved 1116160K
  class space    used 9550K, capacity 10339K, committed 10368K, reserved 1048576K
}
Event: 880.827 GC heap before
{Heap before GC invocations=23 (full 3):
 PSYoungGen      total 196096K, used 193985K [0x00000000e0000000, 0x00000000ef800000, 0x0000000100000000)
  eden space 165376K, 100% used [0x00000000e0000000,0x00000000ea180000,0x00000000ea180000)
  from space 30720K, 93% used [0x00000000ea180000,0x00000000ebd705e8,0x00000000ebf80000)
  to   space 34816K, 0% used [0x00000000ed600000,0x00000000ed600000,0x00000000ef800000)
 ParOldGen       total 154624K, used 35595K [0x00000000a0000000, 0x00000000a9700000, 0x00000000e0000000)
  object space 154624K, 23% used [0x00000000a0000000,0x00000000a22c2d58,0x00000000a9700000)
 Metaspace       used 73991K, capacity 77118K, committed 77312K, reserved 1116160K
  class space    used 9587K, capacity 10393K, committed 10496K, reserved 1048576K
Event: 880.882 GC heap after
Heap after GC invocations=23 (full 3):
 PSYoungGen      total 189952K, used 28696K [0x00000000e0000000, 0x00000000ef280000, 0x0000000100000000)
  eden space 160768K, 0% used [0x00000000e0000000,0x00000000e0000000,0x00000000e9d00000)
  from space 29184K, 98% used [0x00000000ed600000,0x00000000ef206278,0x00000000ef280000)
  to   space 37376K, 0% used [0x00000000ea980000,0x00000000ea980000,0x00000000ece00000)
 ParOldGen       total 154624K, used 35603K [0x00000000a0000000, 0x00000000a9700000, 0x00000000e0000000)
  object space 154624K, 23% used [0x00000000a0000000,0x00000000a22c4d58,0x00000000a9700000)
 Metaspace       used 73991K, capacity 77118K, committed 77312K, reserved 1116160K
  class space    used 9587K, capacity 10393K, committed 10496K, reserved 1048576K
}
Event: 882.312 GC heap before
{Heap before GC invocations=24 (full 3):
 PSYoungGen      total 189952K, used 189464K [0x00000000e0000000, 0x00000000ef280000, 0x0000000100000000)
  eden space 160768K, 100% used [0x00000000e0000000,0x00000000e9d00000,0x00000000e9d00000)
  from space 29184K, 98% used [0x00000000ed600000,0x00000000ef206278,0x00000000ef280000)
  to   space 37376K, 0% used [0x00000000ea980000,0x00000000ea980000,0x00000000ece00000)
 ParOldGen       total 154624K, used 35603K [0x00000000a0000000, 0x00000000a9700000, 0x00000000e0000000)
  object space 154624K, 23% used [0x00000000a0000000,0x00000000a22c4d58,0x00000000a9700000)
 Metaspace       used 74118K, capacity 77258K, committed 77568K, reserved 1116160K
  class space    used 9587K, capacity 10393K, committed 10496K, reserved 1048576K
Event: 882.372 GC heap after
Heap after GC invocations=24 (full 3):
 PSYoungGen      total 210944K, used 30669K [0x00000000e0000000, 0x00000000f0680000, 0x0000000100000000)
  eden space 173568K, 0% used [0x00000000e0000000,0x00000000e0000000,0x00000000ea980000)
  from space 37376K, 82% used [0x00000000ea980000,0x00000000ec7737b0,0x00000000ece00000)
  to   space 40448K, 0% used [0x00000000edf00000,0x00000000edf00000,0x00000000f0680000)
 ParOldGen       total 154624K, used 35611K [0x00000000a0000000, 0x00000000a9700000, 0x00000000e0000000)
  object space 154624K, 23% used [0x00000000a0000000,0x00000000a22c6d58,0x00000000a9700000)
 Metaspace       used 74118K, capacity 77258K, committed 77568K, reserved 1116160K
  class space    used 9587K, capacity 10393K, committed 10496K, reserved 1048576K
}

